[2018-11-22 19:14:29.612] [renderer1] [info] no standard startup: not just one text editor
[2018-11-22 19:14:44.352] [renderer1] [info] no standard startup: not just one text editor
[2018-11-22 21:13:12.584] [renderer1] [error] Unexpected token o in JSON at position 0: SyntaxError: Unexpected token o in JSON at position 0
    at JSON.parse (<anonymous>)
    at c (/snap/vscode/66/usr/share/code/resources/app/out/vs/code/electron-main/main.js:177:254)
    at e.onBuffer (/snap/vscode/66/usr/share/code/resources/app/out/vs/code/electron-main/main.js:182:571)
    at /snap/vscode/66/usr/share/code/resources/app/out/vs/code/electron-main/main.js:180:669
    at e.fire (/snap/vscode/66/usr/share/code/resources/app/out/vs/code/electron-main/main.js:122:218)
    at /snap/vscode/66/usr/share/code/resources/app/out/vs/code/electron-main/main.js:185:795
    at /snap/vscode/66/usr/share/code/resources/app/out/vs/code/electron-main/main.js:120:478
    at /snap/vscode/66/usr/share/code/resources/app/out/vs/code/electron-main/main.js:120:705
    at e.fire (/snap/vscode/66/usr/share/code/resources/app/out/vs/code/electron-main/main.js:122:218)
    at EventEmitter.r (/snap/vscode/66/usr/share/code/resources/app/out/vs/code/electron-main/main.js:127:987)
    at emitTwo (events.js:131:20)
    at EventEmitter.emit (events.js:214:7)
    at WebContents.<anonymous> (/snap/vscode/66/usr/share/code/resources/electron.asar/browser/api/web-contents.js:286:13)
    at emitTwo (events.js:126:13)
    at WebContents.emit (events.js:214:7)
[2018-11-22 21:13:12.585] [renderer1] [error] Unexpected token o in JSON at position 0: SyntaxError: Unexpected token o in JSON at position 0
    at JSON.parse (<anonymous>)
    at c (/snap/vscode/66/usr/share/code/resources/app/out/vs/code/electron-main/main.js:177:254)
    at e.onRawMessage (/snap/vscode/66/usr/share/code/resources/app/out/vs/code/electron-main/main.js:178:948)
    at /snap/vscode/66/usr/share/code/resources/app/out/vs/code/electron-main/main.js:178:528
    at e.fire (/snap/vscode/66/usr/share/code/resources/app/out/vs/code/electron-main/main.js:122:218)
    at /snap/vscode/66/usr/share/code/resources/app/out/vs/code/electron-main/main.js:185:795
    at /snap/vscode/66/usr/share/code/resources/app/out/vs/code/electron-main/main.js:120:478
    at /snap/vscode/66/usr/share/code/resources/app/out/vs/code/electron-main/main.js:120:705
    at e.fire (/snap/vscode/66/usr/share/code/resources/app/out/vs/code/electron-main/main.js:122:218)
    at EventEmitter.r (/snap/vscode/66/usr/share/code/resources/app/out/vs/code/electron-main/main.js:127:987)
    at emitTwo (events.js:131:20)
    at EventEmitter.emit (events.js:214:7)
    at WebContents.<anonymous> (/snap/vscode/66/usr/share/code/resources/electron.asar/browser/api/web-contents.js:286:13)
    at emitTwo (events.js:126:13)
    at WebContents.emit (events.js:214:7)
[2018-11-22 21:13:13.949] [renderer1] [info] no standard startup: not just one text editor
[2018-11-22 21:19:29.205] [renderer1] [error] Unexpected token o in JSON at position 0: SyntaxError: Unexpected token o in JSON at position 0
    at JSON.parse (<anonymous>)
    at c (/snap/vscode/66/usr/share/code/resources/app/out/vs/code/electron-main/main.js:177:254)
    at e.onBuffer (/snap/vscode/66/usr/share/code/resources/app/out/vs/code/electron-main/main.js:182:571)
    at /snap/vscode/66/usr/share/code/resources/app/out/vs/code/electron-main/main.js:180:669
    at e.fire (/snap/vscode/66/usr/share/code/resources/app/out/vs/code/electron-main/main.js:122:218)
    at /snap/vscode/66/usr/share/code/resources/app/out/vs/code/electron-main/main.js:185:795
    at /snap/vscode/66/usr/share/code/resources/app/out/vs/code/electron-main/main.js:120:478
    at /snap/vscode/66/usr/share/code/resources/app/out/vs/code/electron-main/main.js:120:705
    at e.fire (/snap/vscode/66/usr/share/code/resources/app/out/vs/code/electron-main/main.js:122:218)
    at EventEmitter.r (/snap/vscode/66/usr/share/code/resources/app/out/vs/code/electron-main/main.js:127:987)
    at emitTwo (events.js:131:20)
    at EventEmitter.emit (events.js:214:7)
    at WebContents.<anonymous> (/snap/vscode/66/usr/share/code/resources/electron.asar/browser/api/web-contents.js:286:13)
    at emitTwo (events.js:126:13)
    at WebContents.emit (events.js:214:7)
[2018-11-22 21:19:29.206] [renderer1] [error] Unexpected token o in JSON at position 0: SyntaxError: Unexpected token o in JSON at position 0
    at JSON.parse (<anonymous>)
    at c (/snap/vscode/66/usr/share/code/resources/app/out/vs/code/electron-main/main.js:177:254)
    at e.onRawMessage (/snap/vscode/66/usr/share/code/resources/app/out/vs/code/electron-main/main.js:178:948)
    at /snap/vscode/66/usr/share/code/resources/app/out/vs/code/electron-main/main.js:178:528
    at e.fire (/snap/vscode/66/usr/share/code/resources/app/out/vs/code/electron-main/main.js:122:218)
    at /snap/vscode/66/usr/share/code/resources/app/out/vs/code/electron-main/main.js:185:795
    at /snap/vscode/66/usr/share/code/resources/app/out/vs/code/electron-main/main.js:120:478
    at /snap/vscode/66/usr/share/code/resources/app/out/vs/code/electron-main/main.js:120:705
    at e.fire (/snap/vscode/66/usr/share/code/resources/app/out/vs/code/electron-main/main.js:122:218)
    at EventEmitter.r (/snap/vscode/66/usr/share/code/resources/app/out/vs/code/electron-main/main.js:127:987)
    at emitTwo (events.js:131:20)
    at EventEmitter.emit (events.js:214:7)
    at WebContents.<anonymous> (/snap/vscode/66/usr/share/code/resources/electron.asar/browser/api/web-contents.js:286:13)
    at emitTwo (events.js:126:13)
    at WebContents.emit (events.js:214:7)
[2018-11-22 21:19:29.206] [renderer1] [error] Unexpected token o in JSON at position 0: SyntaxError: Unexpected token o in JSON at position 0
    at JSON.parse (<anonymous>)
    at c (/snap/vscode/66/usr/share/code/resources/app/out/vs/code/electron-main/main.js:177:254)
    at e.onBuffer (/snap/vscode/66/usr/share/code/resources/app/out/vs/code/electron-main/main.js:182:571)
    at /snap/vscode/66/usr/share/code/resources/app/out/vs/code/electron-main/main.js:180:669
    at e.fire (/snap/vscode/66/usr/share/code/resources/app/out/vs/code/electron-main/main.js:122:218)
    at /snap/vscode/66/usr/share/code/resources/app/out/vs/code/electron-main/main.js:185:795
    at /snap/vscode/66/usr/share/code/resources/app/out/vs/code/electron-main/main.js:120:478
    at /snap/vscode/66/usr/share/code/resources/app/out/vs/code/electron-main/main.js:120:705
    at e.fire (/snap/vscode/66/usr/share/code/resources/app/out/vs/code/electron-main/main.js:122:218)
    at EventEmitter.r (/snap/vscode/66/usr/share/code/resources/app/out/vs/code/electron-main/main.js:127:987)
    at emitTwo (events.js:131:20)
    at EventEmitter.emit (events.js:214:7)
    at WebContents.<anonymous> (/snap/vscode/66/usr/share/code/resources/electron.asar/browser/api/web-contents.js:286:13)
    at emitTwo (events.js:126:13)
    at WebContents.emit (events.js:214:7)
[2018-11-22 21:19:29.206] [renderer1] [error] Unexpected token o in JSON at position 0: SyntaxError: Unexpected token o in JSON at position 0
    at JSON.parse (<anonymous>)
    at c (/snap/vscode/66/usr/share/code/resources/app/out/vs/code/electron-main/main.js:177:254)
    at e.onRawMessage (/snap/vscode/66/usr/share/code/resources/app/out/vs/code/electron-main/main.js:178:948)
    at /snap/vscode/66/usr/share/code/resources/app/out/vs/code/electron-main/main.js:178:528
    at e.fire (/snap/vscode/66/usr/share/code/resources/app/out/vs/code/electron-main/main.js:122:218)
    at /snap/vscode/66/usr/share/code/resources/app/out/vs/code/electron-main/main.js:185:795
    at /snap/vscode/66/usr/share/code/resources/app/out/vs/code/electron-main/main.js:120:478
    at /snap/vscode/66/usr/share/code/resources/app/out/vs/code/electron-main/main.js:120:705
    at e.fire (/snap/vscode/66/usr/share/code/resources/app/out/vs/code/electron-main/main.js:122:218)
    at EventEmitter.r (/snap/vscode/66/usr/share/code/resources/app/out/vs/code/electron-main/main.js:127:987)
    at emitTwo (events.js:131:20)
    at EventEmitter.emit (events.js:214:7)
    at WebContents.<anonymous> (/snap/vscode/66/usr/share/code/resources/electron.asar/browser/api/web-contents.js:286:13)
    at emitTwo (events.js:126:13)
    at WebContents.emit (events.js:214:7)
[2018-11-22 21:19:35.096] [renderer1] [info] no standard startup: not running latest version
